<?xml version="1.0" encoding="UTF-8"?>
<testsuite xmlns:xsi="http://www.w3.org/2001/XMLSchema-instance" xsi:noNamespaceSchemaLocation="https://maven.apache.org/surefire/maven-surefire-plugin/xsd/surefire-test-report-3.0.xsd" version="3.0" name="CMPT276.Group22.FireBoardTest" time="6.506" tests="12" errors="12" skipped="0" failures="0">
  <properties>
[...]
</properties>
  <testcase name="testGetRequiredIngredients" classname="CMPT276.Group22.FireBoardTest" time="0.446">
    <error message="Java heap space" type="java.lang.OutOfMemoryError"><![CDATA[java.lang.OutOfMemoryError: Java heap space
]]></error>
    <system-err><![CDATA[IOException when loading image: /assets/fire/background.png
javax.imageio.IIOException: Caught exception during read: 
	at java.desktop/com.sun.imageio.plugins.png.PNGImageReader.read(PNGImageReader.java:1851)
	at java.desktop/javax.imageio.ImageIO.read(ImageIO.java:1466)
	at java.desktop/javax.imageio.ImageIO.read(ImageIO.java:1363)
	at CMPT276.Group22.Board.loadImage(Board.java:403)
	at CMPT276.Group22.FireBoard.loadBoardSpecificImages(FireBoard.java:31)
	at CMPT276.Group22.Board.initializeBoard(Board.java:62)
	at CMPT276.Group22.Board.<init>(Board.java:53)
	at CMPT276.Group22.FireBoard.<init>(FireBoard.java:18)
	at CMPT276.Group22.FireBoardTest.setUp(FireBoardTest.java:18)
	at java.base/jdk.internal.reflect.DirectMethodHandleAccessor.invoke(DirectMethodHandleAccessor.java:103)
	at java.base/java.lang.reflect.Method.invoke(Method.java:580)
	at org.junit.runners.model.FrameworkMethod$1.runReflectiveCall(FrameworkMethod.java:59)
	at org.junit.internal.runners.model.ReflectiveCallable.run(ReflectiveCallable.java:12)
	at org.junit.runners.model.FrameworkMethod.invokeExplosively(FrameworkMethod.java:56)
	at org.junit.internal.runners.statements.RunBefores.invokeMethod(RunBefores.java:33)
	at org.junit.internal.runners.statements.RunBefores.evaluate(RunBefores.java:24)
	at org.junit.runners.ParentRunner$3.evaluate(ParentRunner.java:306)
	at org.junit.runners.BlockJUnit4ClassRunner$1.evaluate(BlockJUnit4ClassRunner.java:100)
	at org.junit.runners.ParentRunner.runLeaf(ParentRunner.java:366)
	at org.junit.runners.BlockJUnit4ClassRunner.runChild(BlockJUnit4ClassRunner.java:103)
	at org.junit.runners.BlockJUnit4ClassRunner.runChild(BlockJUnit4ClassRunner.java:63)
	at org.junit.runners.ParentRunner$4.run(ParentRunner.java:331)
	at org.junit.runners.ParentRunner$1.schedule(ParentRunner.java:79)
	at org.junit.runners.ParentRunner.runChildren(ParentRunner.java:329)
	at org.junit.runners.ParentRunner.access$100(ParentRunner.java:66)
	at org.junit.runners.ParentRunner$2.evaluate(ParentRunner.java:293)
	at org.junit.runners.ParentRunner$3.evaluate(ParentRunner.java:306)
	at org.junit.runners.ParentRunner.run(ParentRunner.java:413)
	at org.apache.maven.surefire.junit4.JUnit4Provider.execute(JUnit4Provider.java:316)
	at org.apache.maven.surefire.junit4.JUnit4Provider.executeWithRerun(JUnit4Provider.java:240)
	at org.apache.maven.surefire.junit4.JUnit4Provider.executeTestSet(JUnit4Provider.java:214)
	at org.apache.maven.surefire.junit4.JUnit4Provider.invoke(JUnit4Provider.java:155)
	at org.apache.maven.surefire.booter.ForkedBooter.runSuitesInProcess(ForkedBooter.java:385)
	at org.apache.maven.surefire.booter.ForkedBooter.execute(ForkedBooter.java:162)
	at org.apache.maven.surefire.booter.ForkedBooter.run(ForkedBooter.java:507)
	at org.apache.maven.surefire.booter.ForkedBooter.main(ForkedBooter.java:495)
Caused by: java.lang.OutOfMemoryError: Java heap space
]]></system-err>
  </testcase>
  <testcase name="testCollectIngredient" classname="CMPT276.Group22.FireBoardTest" time="0.445">
    <error message="Java heap space" type="java.lang.OutOfMemoryError"><![CDATA[java.lang.OutOfMemoryError: Java heap space
]]></error>
    <system-err><![CDATA[IOException when loading image: /assets/fire/background.png
javax.imageio.IIOException: Caught exception during read: 
	at java.desktop/com.sun.imageio.plugins.png.PNGImageReader.read(PNGImageReader.java:1851)
	at java.desktop/javax.imageio.ImageIO.read(ImageIO.java:1466)
	at java.desktop/javax.imageio.ImageIO.read(ImageIO.java:1363)
	at CMPT276.Group22.Board.loadImage(Board.java:403)
	at CMPT276.Group22.FireBoard.loadBoardSpecificImages(FireBoard.java:31)
	at CMPT276.Group22.Board.initializeBoard(Board.java:62)
	at CMPT276.Group22.Board.<init>(Board.java:53)
	at CMPT276.Group22.FireBoard.<init>(FireBoard.java:18)
	at CMPT276.Group22.FireBoardTest.setUp(FireBoardTest.java:18)
	at java.base/jdk.internal.reflect.DirectMethodHandleAccessor.invoke(DirectMethodHandleAccessor.java:103)
	at java.base/java.lang.reflect.Method.invoke(Method.java:580)
	at org.junit.runners.model.FrameworkMethod$1.runReflectiveCall(FrameworkMethod.java:59)
	at org.junit.internal.runners.model.ReflectiveCallable.run(ReflectiveCallable.java:12)
	at org.junit.runners.model.FrameworkMethod.invokeExplosively(FrameworkMethod.java:56)
	at org.junit.internal.runners.statements.RunBefores.invokeMethod(RunBefores.java:33)
	at org.junit.internal.runners.statements.RunBefores.evaluate(RunBefores.java:24)
	at org.junit.runners.ParentRunner$3.evaluate(ParentRunner.java:306)
	at org.junit.runners.BlockJUnit4ClassRunner$1.evaluate(BlockJUnit4ClassRunner.java:100)
	at org.junit.runners.ParentRunner.runLeaf(ParentRunner.java:366)
	at org.junit.runners.BlockJUnit4ClassRunner.runChild(BlockJUnit4ClassRunner.java:103)
	at org.junit.runners.BlockJUnit4ClassRunner.runChild(BlockJUnit4ClassRunner.java:63)
	at org.junit.runners.ParentRunner$4.run(ParentRunner.java:331)
	at org.junit.runners.ParentRunner$1.schedule(ParentRunner.java:79)
	at org.junit.runners.ParentRunner.runChildren(ParentRunner.java:329)
	at org.junit.runners.ParentRunner.access$100(ParentRunner.java:66)
	at org.junit.runners.ParentRunner$2.evaluate(ParentRunner.java:293)
	at org.junit.runners.ParentRunner$3.evaluate(ParentRunner.java:306)
	at org.junit.runners.ParentRunner.run(ParentRunner.java:413)
	at org.apache.maven.surefire.junit4.JUnit4Provider.execute(JUnit4Provider.java:316)
	at org.apache.maven.surefire.junit4.JUnit4Provider.executeWithRerun(JUnit4Provider.java:240)
	at org.apache.maven.surefire.junit4.JUnit4Provider.executeTestSet(JUnit4Provider.java:214)
	at org.apache.maven.surefire.junit4.JUnit4Provider.invoke(JUnit4Provider.java:155)
	at org.apache.maven.surefire.booter.ForkedBooter.runSuitesInProcess(ForkedBooter.java:385)
	at org.apache.maven.surefire.booter.ForkedBooter.execute(ForkedBooter.java:162)
	at org.apache.maven.surefire.booter.ForkedBooter.run(ForkedBooter.java:507)
	at org.apache.maven.surefire.booter.ForkedBooter.main(ForkedBooter.java:495)
Caused by: java.lang.OutOfMemoryError: Java heap space
]]></system-err>
  </testcase>
  <testcase name="testIngredientCollection" classname="CMPT276.Group22.FireBoardTest" time="0.498">
    <error message="Java heap space" type="java.lang.OutOfMemoryError"><![CDATA[java.lang.OutOfMemoryError: Java heap space
]]></error>
    <system-err><![CDATA[IOException when loading image: /assets/fire/background.png
javax.imageio.IIOException: Caught exception during read: 
	at java.desktop/com.sun.imageio.plugins.png.PNGImageReader.read(PNGImageReader.java:1851)
	at java.desktop/javax.imageio.ImageIO.read(ImageIO.java:1466)
	at java.desktop/javax.imageio.ImageIO.read(ImageIO.java:1363)
	at CMPT276.Group22.Board.loadImage(Board.java:403)
	at CMPT276.Group22.FireBoard.loadBoardSpecificImages(FireBoard.java:31)
	at CMPT276.Group22.Board.initializeBoard(Board.java:62)
	at CMPT276.Group22.Board.<init>(Board.java:53)
	at CMPT276.Group22.FireBoard.<init>(FireBoard.java:18)
	at CMPT276.Group22.FireBoardTest.setUp(FireBoardTest.java:18)
	at java.base/jdk.internal.reflect.DirectMethodHandleAccessor.invoke(DirectMethodHandleAccessor.java:103)
	at java.base/java.lang.reflect.Method.invoke(Method.java:580)
	at org.junit.runners.model.FrameworkMethod$1.runReflectiveCall(FrameworkMethod.java:59)
	at org.junit.internal.runners.model.ReflectiveCallable.run(ReflectiveCallable.java:12)
	at org.junit.runners.model.FrameworkMethod.invokeExplosively(FrameworkMethod.java:56)
	at org.junit.internal.runners.statements.RunBefores.invokeMethod(RunBefores.java:33)
	at org.junit.internal.runners.statements.RunBefores.evaluate(RunBefores.java:24)
	at org.junit.runners.ParentRunner$3.evaluate(ParentRunner.java:306)
	at org.junit.runners.BlockJUnit4ClassRunner$1.evaluate(BlockJUnit4ClassRunner.java:100)
	at org.junit.runners.ParentRunner.runLeaf(ParentRunner.java:366)
	at org.junit.runners.BlockJUnit4ClassRunner.runChild(BlockJUnit4ClassRunner.java:103)
	at org.junit.runners.BlockJUnit4ClassRunner.runChild(BlockJUnit4ClassRunner.java:63)
	at org.junit.runners.ParentRunner$4.run(ParentRunner.java:331)
	at org.junit.runners.ParentRunner$1.schedule(ParentRunner.java:79)
	at org.junit.runners.ParentRunner.runChildren(ParentRunner.java:329)
	at org.junit.runners.ParentRunner.access$100(ParentRunner.java:66)
	at org.junit.runners.ParentRunner$2.evaluate(ParentRunner.java:293)
	at org.junit.runners.ParentRunner$3.evaluate(ParentRunner.java:306)
	at org.junit.runners.ParentRunner.run(ParentRunner.java:413)
	at org.apache.maven.surefire.junit4.JUnit4Provider.execute(JUnit4Provider.java:316)
	at org.apache.maven.surefire.junit4.JUnit4Provider.executeWithRerun(JUnit4Provider.java:240)
	at org.apache.maven.surefire.junit4.JUnit4Provider.executeTestSet(JUnit4Provider.java:214)
	at org.apache.maven.surefire.junit4.JUnit4Provider.invoke(JUnit4Provider.java:155)
	at org.apache.maven.surefire.booter.ForkedBooter.runSuitesInProcess(ForkedBooter.java:385)
	at org.apache.maven.surefire.booter.ForkedBooter.execute(ForkedBooter.java:162)
	at org.apache.maven.surefire.booter.ForkedBooter.run(ForkedBooter.java:507)
	at org.apache.maven.surefire.booter.ForkedBooter.main(ForkedBooter.java:495)
Caused by: java.lang.OutOfMemoryError: Java heap space
]]></system-err>
  </testcase>
  <testcase name="testCheckWinCondition" classname="CMPT276.Group22.FireBoardTest" time="0.487">
    <error message="Java heap space" type="java.lang.OutOfMemoryError"><![CDATA[java.lang.OutOfMemoryError: Java heap space
]]></error>
    <system-err><![CDATA[IOException when loading image: /assets/fire/background.png
javax.imageio.IIOException: Caught exception during read: 
	at java.desktop/com.sun.imageio.plugins.png.PNGImageReader.read(PNGImageReader.java:1851)
	at java.desktop/javax.imageio.ImageIO.read(ImageIO.java:1466)
	at java.desktop/javax.imageio.ImageIO.read(ImageIO.java:1363)
	at CMPT276.Group22.Board.loadImage(Board.java:403)
	at CMPT276.Group22.FireBoard.loadBoardSpecificImages(FireBoard.java:31)
	at CMPT276.Group22.Board.initializeBoard(Board.java:62)
	at CMPT276.Group22.Board.<init>(Board.java:53)
	at CMPT276.Group22.FireBoard.<init>(FireBoard.java:18)
	at CMPT276.Group22.FireBoardTest.setUp(FireBoardTest.java:18)
	at java.base/jdk.internal.reflect.DirectMethodHandleAccessor.invoke(DirectMethodHandleAccessor.java:103)
	at java.base/java.lang.reflect.Method.invoke(Method.java:580)
	at org.junit.runners.model.FrameworkMethod$1.runReflectiveCall(FrameworkMethod.java:59)
	at org.junit.internal.runners.model.ReflectiveCallable.run(ReflectiveCallable.java:12)
	at org.junit.runners.model.FrameworkMethod.invokeExplosively(FrameworkMethod.java:56)
	at org.junit.internal.runners.statements.RunBefores.invokeMethod(RunBefores.java:33)
	at org.junit.internal.runners.statements.RunBefores.evaluate(RunBefores.java:24)
	at org.junit.runners.ParentRunner$3.evaluate(ParentRunner.java:306)
	at org.junit.runners.BlockJUnit4ClassRunner$1.evaluate(BlockJUnit4ClassRunner.java:100)
	at org.junit.runners.ParentRunner.runLeaf(ParentRunner.java:366)
	at org.junit.runners.BlockJUnit4ClassRunner.runChild(BlockJUnit4ClassRunner.java:103)
	at org.junit.runners.BlockJUnit4ClassRunner.runChild(BlockJUnit4ClassRunner.java:63)
	at org.junit.runners.ParentRunner$4.run(ParentRunner.java:331)
	at org.junit.runners.ParentRunner$1.schedule(ParentRunner.java:79)
	at org.junit.runners.ParentRunner.runChildren(ParentRunner.java:329)
	at org.junit.runners.ParentRunner.access$100(ParentRunner.java:66)
	at org.junit.runners.ParentRunner$2.evaluate(ParentRunner.java:293)
	at org.junit.runners.ParentRunner$3.evaluate(ParentRunner.java:306)
	at org.junit.runners.ParentRunner.run(ParentRunner.java:413)
	at org.apache.maven.surefire.junit4.JUnit4Provider.execute(JUnit4Provider.java:316)
	at org.apache.maven.surefire.junit4.JUnit4Provider.executeWithRerun(JUnit4Provider.java:240)
	at org.apache.maven.surefire.junit4.JUnit4Provider.executeTestSet(JUnit4Provider.java:214)
	at org.apache.maven.surefire.junit4.JUnit4Provider.invoke(JUnit4Provider.java:155)
	at org.apache.maven.surefire.booter.ForkedBooter.runSuitesInProcess(ForkedBooter.java:385)
	at org.apache.maven.surefire.booter.ForkedBooter.execute(ForkedBooter.java:162)
	at org.apache.maven.surefire.booter.ForkedBooter.run(ForkedBooter.java:507)
	at org.apache.maven.surefire.booter.ForkedBooter.main(ForkedBooter.java:495)
Caused by: java.lang.OutOfMemoryError: Java heap space
]]></system-err>
  </testcase>
  <testcase name="testGetTargetForIngredient" classname="CMPT276.Group22.FireBoardTest" time="0.492">
    <error message="Java heap space" type="java.lang.OutOfMemoryError"><![CDATA[java.lang.OutOfMemoryError: Java heap space
]]></error>
    <system-err><![CDATA[IOException when loading image: /assets/fire/background.png
javax.imageio.IIOException: Caught exception during read: 
	at java.desktop/com.sun.imageio.plugins.png.PNGImageReader.read(PNGImageReader.java:1851)
	at java.desktop/javax.imageio.ImageIO.read(ImageIO.java:1466)
	at java.desktop/javax.imageio.ImageIO.read(ImageIO.java:1363)
	at CMPT276.Group22.Board.loadImage(Board.java:403)
	at CMPT276.Group22.FireBoard.loadBoardSpecificImages(FireBoard.java:31)
	at CMPT276.Group22.Board.initializeBoard(Board.java:62)
	at CMPT276.Group22.Board.<init>(Board.java:53)
	at CMPT276.Group22.FireBoard.<init>(FireBoard.java:18)
	at CMPT276.Group22.FireBoardTest.setUp(FireBoardTest.java:18)
	at java.base/jdk.internal.reflect.DirectMethodHandleAccessor.invoke(DirectMethodHandleAccessor.java:103)
	at java.base/java.lang.reflect.Method.invoke(Method.java:580)
	at org.junit.runners.model.FrameworkMethod$1.runReflectiveCall(FrameworkMethod.java:59)
	at org.junit.internal.runners.model.ReflectiveCallable.run(ReflectiveCallable.java:12)
	at org.junit.runners.model.FrameworkMethod.invokeExplosively(FrameworkMethod.java:56)
	at org.junit.internal.runners.statements.RunBefores.invokeMethod(RunBefores.java:33)
	at org.junit.internal.runners.statements.RunBefores.evaluate(RunBefores.java:24)
	at org.junit.runners.ParentRunner$3.evaluate(ParentRunner.java:306)
	at org.junit.runners.BlockJUnit4ClassRunner$1.evaluate(BlockJUnit4ClassRunner.java:100)
	at org.junit.runners.ParentRunner.runLeaf(ParentRunner.java:366)
	at org.junit.runners.BlockJUnit4ClassRunner.runChild(BlockJUnit4ClassRunner.java:103)
	at org.junit.runners.BlockJUnit4ClassRunner.runChild(BlockJUnit4ClassRunner.java:63)
	at org.junit.runners.ParentRunner$4.run(ParentRunner.java:331)
	at org.junit.runners.ParentRunner$1.schedule(ParentRunner.java:79)
	at org.junit.runners.ParentRunner.runChildren(ParentRunner.java:329)
	at org.junit.runners.ParentRunner.access$100(ParentRunner.java:66)
	at org.junit.runners.ParentRunner$2.evaluate(ParentRunner.java:293)
	at org.junit.runners.ParentRunner$3.evaluate(ParentRunner.java:306)
	at org.junit.runners.ParentRunner.run(ParentRunner.java:413)
	at org.apache.maven.surefire.junit4.JUnit4Provider.execute(JUnit4Provider.java:316)
	at org.apache.maven.surefire.junit4.JUnit4Provider.executeWithRerun(JUnit4Provider.java:240)
	at org.apache.maven.surefire.junit4.JUnit4Provider.executeTestSet(JUnit4Provider.java:214)
	at org.apache.maven.surefire.junit4.JUnit4Provider.invoke(JUnit4Provider.java:155)
	at org.apache.maven.surefire.booter.ForkedBooter.runSuitesInProcess(ForkedBooter.java:385)
	at org.apache.maven.surefire.booter.ForkedBooter.execute(ForkedBooter.java:162)
	at org.apache.maven.surefire.booter.ForkedBooter.run(ForkedBooter.java:507)
	at org.apache.maven.surefire.booter.ForkedBooter.main(ForkedBooter.java:495)
Caused by: java.lang.OutOfMemoryError: Java heap space
]]></system-err>
  </testcase>
  <testcase name="testBonusIngredientLifecycle" classname="CMPT276.Group22.FireBoardTest" time="0.596">
    <error message="Java heap space" type="java.lang.OutOfMemoryError"><![CDATA[java.lang.OutOfMemoryError: Java heap space
]]></error>
    <system-err><![CDATA[IOException when loading image: /assets/fire/background.png
javax.imageio.IIOException: Caught exception during read: 
	at java.desktop/com.sun.imageio.plugins.png.PNGImageReader.read(PNGImageReader.java:1851)
	at java.desktop/javax.imageio.ImageIO.read(ImageIO.java:1466)
	at java.desktop/javax.imageio.ImageIO.read(ImageIO.java:1363)
	at CMPT276.Group22.Board.loadImage(Board.java:403)
	at CMPT276.Group22.FireBoard.loadBoardSpecificImages(FireBoard.java:31)
	at CMPT276.Group22.Board.initializeBoard(Board.java:62)
	at CMPT276.Group22.Board.<init>(Board.java:53)
	at CMPT276.Group22.FireBoard.<init>(FireBoard.java:18)
	at CMPT276.Group22.FireBoardTest.setUp(FireBoardTest.java:18)
	at java.base/jdk.internal.reflect.DirectMethodHandleAccessor.invoke(DirectMethodHandleAccessor.java:103)
	at java.base/java.lang.reflect.Method.invoke(Method.java:580)
	at org.junit.runners.model.FrameworkMethod$1.runReflectiveCall(FrameworkMethod.java:59)
	at org.junit.internal.runners.model.ReflectiveCallable.run(ReflectiveCallable.java:12)
	at org.junit.runners.model.FrameworkMethod.invokeExplosively(FrameworkMethod.java:56)
	at org.junit.internal.runners.statements.RunBefores.invokeMethod(RunBefores.java:33)
	at org.junit.internal.runners.statements.RunBefores.evaluate(RunBefores.java:24)
	at org.junit.runners.ParentRunner$3.evaluate(ParentRunner.java:306)
	at org.junit.runners.BlockJUnit4ClassRunner$1.evaluate(BlockJUnit4ClassRunner.java:100)
	at org.junit.runners.ParentRunner.runLeaf(ParentRunner.java:366)
	at org.junit.runners.BlockJUnit4ClassRunner.runChild(BlockJUnit4ClassRunner.java:103)
	at org.junit.runners.BlockJUnit4ClassRunner.runChild(BlockJUnit4ClassRunner.java:63)
	at org.junit.runners.ParentRunner$4.run(ParentRunner.java:331)
	at org.junit.runners.ParentRunner$1.schedule(ParentRunner.java:79)
	at org.junit.runners.ParentRunner.runChildren(ParentRunner.java:329)
	at org.junit.runners.ParentRunner.access$100(ParentRunner.java:66)
	at org.junit.runners.ParentRunner$2.evaluate(ParentRunner.java:293)
	at org.junit.runners.ParentRunner$3.evaluate(ParentRunner.java:306)
	at org.junit.runners.ParentRunner.run(ParentRunner.java:413)
	at org.apache.maven.surefire.junit4.JUnit4Provider.execute(JUnit4Provider.java:316)
	at org.apache.maven.surefire.junit4.JUnit4Provider.executeWithRerun(JUnit4Provider.java:240)
	at org.apache.maven.surefire.junit4.JUnit4Provider.executeTestSet(JUnit4Provider.java:214)
	at org.apache.maven.surefire.junit4.JUnit4Provider.invoke(JUnit4Provider.java:155)
	at org.apache.maven.surefire.booter.ForkedBooter.runSuitesInProcess(ForkedBooter.java:385)
	at org.apache.maven.surefire.booter.ForkedBooter.execute(ForkedBooter.java:162)
	at org.apache.maven.surefire.booter.ForkedBooter.run(ForkedBooter.java:507)
	at org.apache.maven.surefire.booter.ForkedBooter.main(ForkedBooter.java:495)
Caused by: java.lang.OutOfMemoryError: Java heap space
]]></system-err>
  </testcase>
  <testcase name="testInitializeIngredients" classname="CMPT276.Group22.FireBoardTest" time="0.583">
    <error message="Java heap space" type="java.lang.OutOfMemoryError"><![CDATA[java.lang.OutOfMemoryError: Java heap space
]]></error>
    <system-err><![CDATA[IOException when loading image: /assets/fire/background.png
javax.imageio.IIOException: Caught exception during read: 
	at java.desktop/com.sun.imageio.plugins.png.PNGImageReader.read(PNGImageReader.java:1851)
	at java.desktop/javax.imageio.ImageIO.read(ImageIO.java:1466)
	at java.desktop/javax.imageio.ImageIO.read(ImageIO.java:1363)
	at CMPT276.Group22.Board.loadImage(Board.java:403)
	at CMPT276.Group22.FireBoard.loadBoardSpecificImages(FireBoard.java:31)
	at CMPT276.Group22.Board.initializeBoard(Board.java:62)
	at CMPT276.Group22.Board.<init>(Board.java:53)
	at CMPT276.Group22.FireBoard.<init>(FireBoard.java:18)
	at CMPT276.Group22.FireBoardTest.setUp(FireBoardTest.java:18)
	at java.base/jdk.internal.reflect.DirectMethodHandleAccessor.invoke(DirectMethodHandleAccessor.java:103)
	at java.base/java.lang.reflect.Method.invoke(Method.java:580)
	at org.junit.runners.model.FrameworkMethod$1.runReflectiveCall(FrameworkMethod.java:59)
	at org.junit.internal.runners.model.ReflectiveCallable.run(ReflectiveCallable.java:12)
	at org.junit.runners.model.FrameworkMethod.invokeExplosively(FrameworkMethod.java:56)
	at org.junit.internal.runners.statements.RunBefores.invokeMethod(RunBefores.java:33)
	at org.junit.internal.runners.statements.RunBefores.evaluate(RunBefores.java:24)
	at org.junit.runners.ParentRunner$3.evaluate(ParentRunner.java:306)
	at org.junit.runners.BlockJUnit4ClassRunner$1.evaluate(BlockJUnit4ClassRunner.java:100)
	at org.junit.runners.ParentRunner.runLeaf(ParentRunner.java:366)
	at org.junit.runners.BlockJUnit4ClassRunner.runChild(BlockJUnit4ClassRunner.java:103)
	at org.junit.runners.BlockJUnit4ClassRunner.runChild(BlockJUnit4ClassRunner.java:63)
	at org.junit.runners.ParentRunner$4.run(ParentRunner.java:331)
	at org.junit.runners.ParentRunner$1.schedule(ParentRunner.java:79)
	at org.junit.runners.ParentRunner.runChildren(ParentRunner.java:329)
	at org.junit.runners.ParentRunner.access$100(ParentRunner.java:66)
	at org.junit.runners.ParentRunner$2.evaluate(ParentRunner.java:293)
	at org.junit.runners.ParentRunner$3.evaluate(ParentRunner.java:306)
	at org.junit.runners.ParentRunner.run(ParentRunner.java:413)
	at org.apache.maven.surefire.junit4.JUnit4Provider.execute(JUnit4Provider.java:316)
	at org.apache.maven.surefire.junit4.JUnit4Provider.executeWithRerun(JUnit4Provider.java:240)
	at org.apache.maven.surefire.junit4.JUnit4Provider.executeTestSet(JUnit4Provider.java:214)
	at org.apache.maven.surefire.junit4.JUnit4Provider.invoke(JUnit4Provider.java:155)
	at org.apache.maven.surefire.booter.ForkedBooter.runSuitesInProcess(ForkedBooter.java:385)
	at org.apache.maven.surefire.booter.ForkedBooter.execute(ForkedBooter.java:162)
	at org.apache.maven.surefire.booter.ForkedBooter.run(ForkedBooter.java:507)
	at org.apache.maven.surefire.booter.ForkedBooter.main(ForkedBooter.java:495)
Caused by: java.lang.OutOfMemoryError: Java heap space
]]></system-err>
  </testcase>
  <testcase name="testInitializeBarriers" classname="CMPT276.Group22.FireBoardTest" time="0.466">
    <error message="Java heap space" type="java.lang.OutOfMemoryError"><![CDATA[java.lang.OutOfMemoryError: Java heap space
]]></error>
    <system-err><![CDATA[IOException when loading image: /assets/fire/background.png
javax.imageio.IIOException: Caught exception during read: 
	at java.desktop/com.sun.imageio.plugins.png.PNGImageReader.read(PNGImageReader.java:1851)
	at java.desktop/javax.imageio.ImageIO.read(ImageIO.java:1466)
	at java.desktop/javax.imageio.ImageIO.read(ImageIO.java:1363)
	at CMPT276.Group22.Board.loadImage(Board.java:403)
	at CMPT276.Group22.FireBoard.loadBoardSpecificImages(FireBoard.java:31)
	at CMPT276.Group22.Board.initializeBoard(Board.java:62)
	at CMPT276.Group22.Board.<init>(Board.java:53)
	at CMPT276.Group22.FireBoard.<init>(FireBoard.java:18)
	at CMPT276.Group22.FireBoardTest.setUp(FireBoardTest.java:18)
	at java.base/jdk.internal.reflect.DirectMethodHandleAccessor.invoke(DirectMethodHandleAccessor.java:103)
	at java.base/java.lang.reflect.Method.invoke(Method.java:580)
	at org.junit.runners.model.FrameworkMethod$1.runReflectiveCall(FrameworkMethod.java:59)
	at org.junit.internal.runners.model.ReflectiveCallable.run(ReflectiveCallable.java:12)
	at org.junit.runners.model.FrameworkMethod.invokeExplosively(FrameworkMethod.java:56)
	at org.junit.internal.runners.statements.RunBefores.invokeMethod(RunBefores.java:33)
	at org.junit.internal.runners.statements.RunBefores.evaluate(RunBefores.java:24)
	at org.junit.runners.ParentRunner$3.evaluate(ParentRunner.java:306)
	at org.junit.runners.BlockJUnit4ClassRunner$1.evaluate(BlockJUnit4ClassRunner.java:100)
	at org.junit.runners.ParentRunner.runLeaf(ParentRunner.java:366)
	at org.junit.runners.BlockJUnit4ClassRunner.runChild(BlockJUnit4ClassRunner.java:103)
	at org.junit.runners.BlockJUnit4ClassRunner.runChild(BlockJUnit4ClassRunner.java:63)
	at org.junit.runners.ParentRunner$4.run(ParentRunner.java:331)
	at org.junit.runners.ParentRunner$1.schedule(ParentRunner.java:79)
	at org.junit.runners.ParentRunner.runChildren(ParentRunner.java:329)
	at org.junit.runners.ParentRunner.access$100(ParentRunner.java:66)
	at org.junit.runners.ParentRunner$2.evaluate(ParentRunner.java:293)
	at org.junit.runners.ParentRunner$3.evaluate(ParentRunner.java:306)
	at org.junit.runners.ParentRunner.run(ParentRunner.java:413)
	at org.apache.maven.surefire.junit4.JUnit4Provider.execute(JUnit4Provider.java:316)
	at org.apache.maven.surefire.junit4.JUnit4Provider.executeWithRerun(JUnit4Provider.java:240)
	at org.apache.maven.surefire.junit4.JUnit4Provider.executeTestSet(JUnit4Provider.java:214)
	at org.apache.maven.surefire.junit4.JUnit4Provider.invoke(JUnit4Provider.java:155)
	at org.apache.maven.surefire.booter.ForkedBooter.runSuitesInProcess(ForkedBooter.java:385)
	at org.apache.maven.surefire.booter.ForkedBooter.execute(ForkedBooter.java:162)
	at org.apache.maven.surefire.booter.ForkedBooter.run(ForkedBooter.java:507)
	at org.apache.maven.surefire.booter.ForkedBooter.main(ForkedBooter.java:495)
Caused by: java.lang.OutOfMemoryError: Java heap space
]]></system-err>
  </testcase>
  <testcase name="testSpawnBonusIngredient" classname="CMPT276.Group22.FireBoardTest" time="0.584">
    <error message="Java heap space" type="java.lang.OutOfMemoryError"><![CDATA[java.lang.OutOfMemoryError: Java heap space
]]></error>
    <system-err><![CDATA[IOException when loading image: /assets/fire/background.png
javax.imageio.IIOException: Caught exception during read: 
	at java.desktop/com.sun.imageio.plugins.png.PNGImageReader.read(PNGImageReader.java:1851)
	at java.desktop/javax.imageio.ImageIO.read(ImageIO.java:1466)
	at java.desktop/javax.imageio.ImageIO.read(ImageIO.java:1363)
	at CMPT276.Group22.Board.loadImage(Board.java:403)
	at CMPT276.Group22.FireBoard.loadBoardSpecificImages(FireBoard.java:31)
	at CMPT276.Group22.Board.initializeBoard(Board.java:62)
	at CMPT276.Group22.Board.<init>(Board.java:53)
	at CMPT276.Group22.FireBoard.<init>(FireBoard.java:18)
	at CMPT276.Group22.FireBoardTest.setUp(FireBoardTest.java:18)
	at java.base/jdk.internal.reflect.DirectMethodHandleAccessor.invoke(DirectMethodHandleAccessor.java:103)
	at java.base/java.lang.reflect.Method.invoke(Method.java:580)
	at org.junit.runners.model.FrameworkMethod$1.runReflectiveCall(FrameworkMethod.java:59)
	at org.junit.internal.runners.model.ReflectiveCallable.run(ReflectiveCallable.java:12)
	at org.junit.runners.model.FrameworkMethod.invokeExplosively(FrameworkMethod.java:56)
	at org.junit.internal.runners.statements.RunBefores.invokeMethod(RunBefores.java:33)
	at org.junit.internal.runners.statements.RunBefores.evaluate(RunBefores.java:24)
	at org.junit.runners.ParentRunner$3.evaluate(ParentRunner.java:306)
	at org.junit.runners.BlockJUnit4ClassRunner$1.evaluate(BlockJUnit4ClassRunner.java:100)
	at org.junit.runners.ParentRunner.runLeaf(ParentRunner.java:366)
	at org.junit.runners.BlockJUnit4ClassRunner.runChild(BlockJUnit4ClassRunner.java:103)
	at org.junit.runners.BlockJUnit4ClassRunner.runChild(BlockJUnit4ClassRunner.java:63)
	at org.junit.runners.ParentRunner$4.run(ParentRunner.java:331)
	at org.junit.runners.ParentRunner$1.schedule(ParentRunner.java:79)
	at org.junit.runners.ParentRunner.runChildren(ParentRunner.java:329)
	at org.junit.runners.ParentRunner.access$100(ParentRunner.java:66)
	at org.junit.runners.ParentRunner$2.evaluate(ParentRunner.java:293)
	at org.junit.runners.ParentRunner$3.evaluate(ParentRunner.java:306)
	at org.junit.runners.ParentRunner.run(ParentRunner.java:413)
	at org.apache.maven.surefire.junit4.JUnit4Provider.execute(JUnit4Provider.java:316)
	at org.apache.maven.surefire.junit4.JUnit4Provider.executeWithRerun(JUnit4Provider.java:240)
	at org.apache.maven.surefire.junit4.JUnit4Provider.executeTestSet(JUnit4Provider.java:214)
	at org.apache.maven.surefire.junit4.JUnit4Provider.invoke(JUnit4Provider.java:155)
	at org.apache.maven.surefire.booter.ForkedBooter.runSuitesInProcess(ForkedBooter.java:385)
	at org.apache.maven.surefire.booter.ForkedBooter.execute(ForkedBooter.java:162)
	at org.apache.maven.surefire.booter.ForkedBooter.run(ForkedBooter.java:507)
	at org.apache.maven.surefire.booter.ForkedBooter.main(ForkedBooter.java:495)
Caused by: java.lang.OutOfMemoryError: Java heap space
]]></system-err>
  </testcase>
  <testcase name="testInitializeEnemies" classname="CMPT276.Group22.FireBoardTest" time="0.752">
    <error message="Java heap space" type="java.lang.OutOfMemoryError"><![CDATA[java.lang.OutOfMemoryError: Java heap space
]]></error>
    <system-err><![CDATA[IOException when loading image: /assets/fire/background.png
javax.imageio.IIOException: Caught exception during read: 
	at java.desktop/com.sun.imageio.plugins.png.PNGImageReader.read(PNGImageReader.java:1851)
	at java.desktop/javax.imageio.ImageIO.read(ImageIO.java:1466)
	at java.desktop/javax.imageio.ImageIO.read(ImageIO.java:1363)
	at CMPT276.Group22.Board.loadImage(Board.java:403)
	at CMPT276.Group22.FireBoard.loadBoardSpecificImages(FireBoard.java:31)
	at CMPT276.Group22.Board.initializeBoard(Board.java:62)
	at CMPT276.Group22.Board.<init>(Board.java:53)
	at CMPT276.Group22.FireBoard.<init>(FireBoard.java:18)
	at CMPT276.Group22.FireBoardTest.setUp(FireBoardTest.java:18)
	at java.base/jdk.internal.reflect.DirectMethodHandleAccessor.invoke(DirectMethodHandleAccessor.java:103)
	at java.base/java.lang.reflect.Method.invoke(Method.java:580)
	at org.junit.runners.model.FrameworkMethod$1.runReflectiveCall(FrameworkMethod.java:59)
	at org.junit.internal.runners.model.ReflectiveCallable.run(ReflectiveCallable.java:12)
	at org.junit.runners.model.FrameworkMethod.invokeExplosively(FrameworkMethod.java:56)
	at org.junit.internal.runners.statements.RunBefores.invokeMethod(RunBefores.java:33)
	at org.junit.internal.runners.statements.RunBefores.evaluate(RunBefores.java:24)
	at org.junit.runners.ParentRunner$3.evaluate(ParentRunner.java:306)
	at org.junit.runners.BlockJUnit4ClassRunner$1.evaluate(BlockJUnit4ClassRunner.java:100)
	at org.junit.runners.ParentRunner.runLeaf(ParentRunner.java:366)
	at org.junit.runners.BlockJUnit4ClassRunner.runChild(BlockJUnit4ClassRunner.java:103)
	at org.junit.runners.BlockJUnit4ClassRunner.runChild(BlockJUnit4ClassRunner.java:63)
	at org.junit.runners.ParentRunner$4.run(ParentRunner.java:331)
	at org.junit.runners.ParentRunner$1.schedule(ParentRunner.java:79)
	at org.junit.runners.ParentRunner.runChildren(ParentRunner.java:329)
	at org.junit.runners.ParentRunner.access$100(ParentRunner.java:66)
	at org.junit.runners.ParentRunner$2.evaluate(ParentRunner.java:293)
	at org.junit.runners.ParentRunner$3.evaluate(ParentRunner.java:306)
	at org.junit.runners.ParentRunner.run(ParentRunner.java:413)
	at org.apache.maven.surefire.junit4.JUnit4Provider.execute(JUnit4Provider.java:316)
	at org.apache.maven.surefire.junit4.JUnit4Provider.executeWithRerun(JUnit4Provider.java:240)
	at org.apache.maven.surefire.junit4.JUnit4Provider.executeTestSet(JUnit4Provider.java:214)
	at org.apache.maven.surefire.junit4.JUnit4Provider.invoke(JUnit4Provider.java:155)
	at org.apache.maven.surefire.booter.ForkedBooter.runSuitesInProcess(ForkedBooter.java:385)
	at org.apache.maven.surefire.booter.ForkedBooter.execute(ForkedBooter.java:162)
	at org.apache.maven.surefire.booter.ForkedBooter.run(ForkedBooter.java:507)
	at org.apache.maven.surefire.booter.ForkedBooter.main(ForkedBooter.java:495)
Caused by: java.lang.OutOfMemoryError: Java heap space
]]></system-err>
  </testcase>
  <testcase name="testInitialState" classname="CMPT276.Group22.FireBoardTest" time="0.507">
    <error message="Java heap space" type="java.lang.OutOfMemoryError"><![CDATA[java.lang.OutOfMemoryError: Java heap space
]]></error>
    <system-err><![CDATA[IOException when loading image: /assets/fire/background.png
javax.imageio.IIOException: Caught exception during read: 
	at java.desktop/com.sun.imageio.plugins.png.PNGImageReader.read(PNGImageReader.java:1851)
	at java.desktop/javax.imageio.ImageIO.read(ImageIO.java:1466)
	at java.desktop/javax.imageio.ImageIO.read(ImageIO.java:1363)
	at CMPT276.Group22.Board.loadImage(Board.java:403)
	at CMPT276.Group22.FireBoard.loadBoardSpecificImages(FireBoard.java:31)
	at CMPT276.Group22.Board.initializeBoard(Board.java:62)
	at CMPT276.Group22.Board.<init>(Board.java:53)
	at CMPT276.Group22.FireBoard.<init>(FireBoard.java:18)
	at CMPT276.Group22.FireBoardTest.setUp(FireBoardTest.java:18)
	at java.base/jdk.internal.reflect.DirectMethodHandleAccessor.invoke(DirectMethodHandleAccessor.java:103)
	at java.base/java.lang.reflect.Method.invoke(Method.java:580)
	at org.junit.runners.model.FrameworkMethod$1.runReflectiveCall(FrameworkMethod.java:59)
	at org.junit.internal.runners.model.ReflectiveCallable.run(ReflectiveCallable.java:12)
	at org.junit.runners.model.FrameworkMethod.invokeExplosively(FrameworkMethod.java:56)
	at org.junit.internal.runners.statements.RunBefores.invokeMethod(RunBefores.java:33)
	at org.junit.internal.runners.statements.RunBefores.evaluate(RunBefores.java:24)
	at org.junit.runners.ParentRunner$3.evaluate(ParentRunner.java:306)
	at org.junit.runners.BlockJUnit4ClassRunner$1.evaluate(BlockJUnit4ClassRunner.java:100)
	at org.junit.runners.ParentRunner.runLeaf(ParentRunner.java:366)
	at org.junit.runners.BlockJUnit4ClassRunner.runChild(BlockJUnit4ClassRunner.java:103)
	at org.junit.runners.BlockJUnit4ClassRunner.runChild(BlockJUnit4ClassRunner.java:63)
	at org.junit.runners.ParentRunner$4.run(ParentRunner.java:331)
	at org.junit.runners.ParentRunner$1.schedule(ParentRunner.java:79)
	at org.junit.runners.ParentRunner.runChildren(ParentRunner.java:329)
	at org.junit.runners.ParentRunner.access$100(ParentRunner.java:66)
	at org.junit.runners.ParentRunner$2.evaluate(ParentRunner.java:293)
	at org.junit.runners.ParentRunner$3.evaluate(ParentRunner.java:306)
	at org.junit.runners.ParentRunner.run(ParentRunner.java:413)
	at org.apache.maven.surefire.junit4.JUnit4Provider.execute(JUnit4Provider.java:316)
	at org.apache.maven.surefire.junit4.JUnit4Provider.executeWithRerun(JUnit4Provider.java:240)
	at org.apache.maven.surefire.junit4.JUnit4Provider.executeTestSet(JUnit4Provider.java:214)
	at org.apache.maven.surefire.junit4.JUnit4Provider.invoke(JUnit4Provider.java:155)
	at org.apache.maven.surefire.booter.ForkedBooter.runSuitesInProcess(ForkedBooter.java:385)
	at org.apache.maven.surefire.booter.ForkedBooter.execute(ForkedBooter.java:162)
	at org.apache.maven.surefire.booter.ForkedBooter.run(ForkedBooter.java:507)
	at org.apache.maven.surefire.booter.ForkedBooter.main(ForkedBooter.java:495)
Caused by: java.lang.OutOfMemoryError: Java heap space
]]></system-err>
  </testcase>
  <testcase name="testHandleBonusCollection" classname="CMPT276.Group22.FireBoardTest" time="0.641">
    <error message="Java heap space" type="java.lang.OutOfMemoryError"><![CDATA[java.lang.OutOfMemoryError: Java heap space
]]></error>
    <system-err><![CDATA[IOException when loading image: /assets/fire/background.png
javax.imageio.IIOException: Caught exception during read: 
	at java.desktop/com.sun.imageio.plugins.png.PNGImageReader.read(PNGImageReader.java:1851)
	at java.desktop/javax.imageio.ImageIO.read(ImageIO.java:1466)
	at java.desktop/javax.imageio.ImageIO.read(ImageIO.java:1363)
	at CMPT276.Group22.Board.loadImage(Board.java:403)
	at CMPT276.Group22.FireBoard.loadBoardSpecificImages(FireBoard.java:31)
	at CMPT276.Group22.Board.initializeBoard(Board.java:62)
	at CMPT276.Group22.Board.<init>(Board.java:53)
	at CMPT276.Group22.FireBoard.<init>(FireBoard.java:18)
	at CMPT276.Group22.FireBoardTest.setUp(FireBoardTest.java:18)
	at java.base/jdk.internal.reflect.DirectMethodHandleAccessor.invoke(DirectMethodHandleAccessor.java:103)
	at java.base/java.lang.reflect.Method.invoke(Method.java:580)
	at org.junit.runners.model.FrameworkMethod$1.runReflectiveCall(FrameworkMethod.java:59)
	at org.junit.internal.runners.model.ReflectiveCallable.run(ReflectiveCallable.java:12)
	at org.junit.runners.model.FrameworkMethod.invokeExplosively(FrameworkMethod.java:56)
	at org.junit.internal.runners.statements.RunBefores.invokeMethod(RunBefores.java:33)
	at org.junit.internal.runners.statements.RunBefores.evaluate(RunBefores.java:24)
	at org.junit.runners.ParentRunner$3.evaluate(ParentRunner.java:306)
	at org.junit.runners.BlockJUnit4ClassRunner$1.evaluate(BlockJUnit4ClassRunner.java:100)
	at org.junit.runners.ParentRunner.runLeaf(ParentRunner.java:366)
	at org.junit.runners.BlockJUnit4ClassRunner.runChild(BlockJUnit4ClassRunner.java:103)
	at org.junit.runners.BlockJUnit4ClassRunner.runChild(BlockJUnit4ClassRunner.java:63)
	at org.junit.runners.ParentRunner$4.run(ParentRunner.java:331)
	at org.junit.runners.ParentRunner$1.schedule(ParentRunner.java:79)
	at org.junit.runners.ParentRunner.runChildren(ParentRunner.java:329)
	at org.junit.runners.ParentRunner.access$100(ParentRunner.java:66)
	at org.junit.runners.ParentRunner$2.evaluate(ParentRunner.java:293)
	at org.junit.runners.ParentRunner$3.evaluate(ParentRunner.java:306)
	at org.junit.runners.ParentRunner.run(ParentRunner.java:413)
	at org.apache.maven.surefire.junit4.JUnit4Provider.execute(JUnit4Provider.java:316)
	at org.apache.maven.surefire.junit4.JUnit4Provider.executeWithRerun(JUnit4Provider.java:240)
	at org.apache.maven.surefire.junit4.JUnit4Provider.executeTestSet(JUnit4Provider.java:214)
	at org.apache.maven.surefire.junit4.JUnit4Provider.invoke(JUnit4Provider.java:155)
	at org.apache.maven.surefire.booter.ForkedBooter.runSuitesInProcess(ForkedBooter.java:385)
	at org.apache.maven.surefire.booter.ForkedBooter.execute(ForkedBooter.java:162)
	at org.apache.maven.surefire.booter.ForkedBooter.run(ForkedBooter.java:507)
	at org.apache.maven.surefire.booter.ForkedBooter.main(ForkedBooter.java:495)
Caused by: java.lang.OutOfMemoryError: Java heap space
]]></system-err>
  </testcase>
</testsuite>