<?xml version="1.0" encoding="UTF-8"?>
<testsuite xmlns:xsi="http://www.w3.org/2001/XMLSchema-instance" xsi:noNamespaceSchemaLocation="https://maven.apache.org/surefire/maven-surefire-plugin/xsd/surefire-test-report-3.0.xsd" version="3.0" name="CMPT276.Group22.CoordinateTest" time="0.001" tests="4" errors="0" skipped="0" failures="0">
  <properties>
[...]
</properties>
  <testcase name="testMoveChaining" classname="CMPT276.Group22.CoordinateTest" time="0.0"/>
  <testcase name="testMove" classname="CMPT276.Group22.CoordinateTest" time="0.0"/>
  <testcase name="testGetters" classname="CMPT276.Group22.CoordinateTest" time="0.0"/>
  <testcase name="testEquals" classname="CMPT276.Group22.CoordinateTest" time="0.0"/>
</testsuite>