<?xml version="1.0" encoding="UTF-8"?>
<testsuite xmlns:xsi="http://www.w3.org/2001/XMLSchema-instance" xsi:noNamespaceSchemaLocation="https://maven.apache.org/surefire/maven-surefire-plugin/xsd/surefire-test-report-3.0.xsd" version="3.0" name="CMPT276.Group22.GameBoardCoverageTest" time="4.722" tests="8" errors="8" skipped="0" failures="0">
  <properties>
[...]
</properties>
  <testcase name="testGameStateTransitions" classname="CMPT276.Group22.GameBoardCoverageTest" time="0.477">
    <error message="Java heap space" type="java.lang.OutOfMemoryError"><![CDATA[java.lang.OutOfMemoryError: Java heap space
]]></error>
    <system-err><![CDATA[IOException when loading image: /assets/fire/background.png
javax.imageio.IIOException: Caught exception during read: 
	at java.desktop/com.sun.imageio.plugins.png.PNGImageReader.read(PNGImageReader.java:1851)
	at java.desktop/javax.imageio.ImageIO.read(ImageIO.java:1466)
	at java.desktop/javax.imageio.ImageIO.read(ImageIO.java:1363)
	at CMPT276.Group22.Board.loadImage(Board.java:403)
	at CMPT276.Group22.FireBoard.loadBoardSpecificImages(FireBoard.java:31)
	at CMPT276.Group22.Board.initializeBoard(Board.java:62)
	at CMPT276.Group22.Board.<init>(Board.java:53)
	at CMPT276.Group22.FireBoard.<init>(FireBoard.java:18)
	at CMPT276.Group22.GameBoardCoverageTest$TestGameBoard.initializeBoard(GameBoardCoverageTest.java:35)
	at CMPT276.Group22.GameBoardCoverageTest$TestGameBoard.<init>(GameBoardCoverageTest.java:29)
	at CMPT276.Group22.GameBoardCoverageTest.setUp(GameBoardCoverageTest.java:87)
	at java.base/jdk.internal.reflect.DirectMethodHandleAccessor.invoke(DirectMethodHandleAccessor.java:103)
	at java.base/java.lang.reflect.Method.invoke(Method.java:580)
	at org.junit.runners.model.FrameworkMethod$1.runReflectiveCall(FrameworkMethod.java:59)
	at org.junit.internal.runners.model.ReflectiveCallable.run(ReflectiveCallable.java:12)
	at org.junit.runners.model.FrameworkMethod.invokeExplosively(FrameworkMethod.java:56)
	at org.junit.internal.runners.statements.RunBefores.invokeMethod(RunBefores.java:33)
	at org.junit.internal.runners.statements.RunBefores.evaluate(RunBefores.java:24)
	at org.junit.runners.ParentRunner$3.evaluate(ParentRunner.java:306)
	at org.junit.runners.BlockJUnit4ClassRunner$1.evaluate(BlockJUnit4ClassRunner.java:100)
	at org.junit.runners.ParentRunner.runLeaf(ParentRunner.java:366)
	at org.junit.runners.BlockJUnit4ClassRunner.runChild(BlockJUnit4ClassRunner.java:103)
	at org.junit.runners.BlockJUnit4ClassRunner.runChild(BlockJUnit4ClassRunner.java:63)
	at org.junit.runners.ParentRunner$4.run(ParentRunner.java:331)
	at org.junit.runners.ParentRunner$1.schedule(ParentRunner.java:79)
	at org.junit.runners.ParentRunner.runChildren(ParentRunner.java:329)
	at org.junit.runners.ParentRunner.access$100(ParentRunner.java:66)
	at org.junit.runners.ParentRunner$2.evaluate(ParentRunner.java:293)
	at org.junit.runners.ParentRunner$3.evaluate(ParentRunner.java:306)
	at org.junit.runners.ParentRunner.run(ParentRunner.java:413)
	at org.apache.maven.surefire.junit4.JUnit4Provider.execute(JUnit4Provider.java:316)
	at org.apache.maven.surefire.junit4.JUnit4Provider.executeWithRerun(JUnit4Provider.java:240)
	at org.apache.maven.surefire.junit4.JUnit4Provider.executeTestSet(JUnit4Provider.java:214)
	at org.apache.maven.surefire.junit4.JUnit4Provider.invoke(JUnit4Provider.java:155)
	at org.apache.maven.surefire.booter.ForkedBooter.runSuitesInProcess(ForkedBooter.java:385)
	at org.apache.maven.surefire.booter.ForkedBooter.execute(ForkedBooter.java:162)
	at org.apache.maven.surefire.booter.ForkedBooter.run(ForkedBooter.java:507)
	at org.apache.maven.surefire.booter.ForkedBooter.main(ForkedBooter.java:495)
Caused by: java.lang.OutOfMemoryError: Java heap space
Exception in thread "AWT-EventQueue-0" java.lang.OutOfMemoryError: Java heap space
]]></system-err>
  </testcase>
  <testcase name="testScoreEdgeCases" classname="CMPT276.Group22.GameBoardCoverageTest" time="1.317">
    <error message="Java heap space" type="java.lang.OutOfMemoryError"><![CDATA[java.lang.OutOfMemoryError: Java heap space
]]></error>
    <system-err><![CDATA[IOException when loading image: /assets/fire/background.png
javax.imageio.IIOException: Caught exception during read: 
	at java.desktop/com.sun.imageio.plugins.png.PNGImageReader.read(PNGImageReader.java:1851)
	at java.desktop/javax.imageio.ImageIO.read(ImageIO.java:1466)
	at java.desktop/javax.imageio.ImageIO.read(ImageIO.java:1363)
	at CMPT276.Group22.Board.loadImage(Board.java:403)
	at CMPT276.Group22.FireBoard.loadBoardSpecificImages(FireBoard.java:31)
	at CMPT276.Group22.Board.initializeBoard(Board.java:62)
	at CMPT276.Group22.Board.<init>(Board.java:53)
	at CMPT276.Group22.FireBoard.<init>(FireBoard.java:18)
	at CMPT276.Group22.GameBoardCoverageTest$TestGameBoard.initializeBoard(GameBoardCoverageTest.java:35)
	at CMPT276.Group22.GameBoardCoverageTest$TestGameBoard.<init>(GameBoardCoverageTest.java:29)
	at CMPT276.Group22.GameBoardCoverageTest.setUp(GameBoardCoverageTest.java:87)
	at java.base/jdk.internal.reflect.DirectMethodHandleAccessor.invoke(DirectMethodHandleAccessor.java:103)
	at java.base/java.lang.reflect.Method.invoke(Method.java:580)
	at org.junit.runners.model.FrameworkMethod$1.runReflectiveCall(FrameworkMethod.java:59)
	at org.junit.internal.runners.model.ReflectiveCallable.run(ReflectiveCallable.java:12)
	at org.junit.runners.model.FrameworkMethod.invokeExplosively(FrameworkMethod.java:56)
	at org.junit.internal.runners.statements.RunBefores.invokeMethod(RunBefores.java:33)
	at org.junit.internal.runners.statements.RunBefores.evaluate(RunBefores.java:24)
	at org.junit.runners.ParentRunner$3.evaluate(ParentRunner.java:306)
	at org.junit.runners.BlockJUnit4ClassRunner$1.evaluate(BlockJUnit4ClassRunner.java:100)
IOException when loading image: /assets/ice/background.png
	at org.junit.runners.ParentRunner.runLeaf(ParentRunner.java:366)
	at org.junit.runners.BlockJUnit4ClassRunner.runChild(BlockJUnit4ClassRunner.java:103)
	at org.junit.runners.BlockJUnit4ClassRunner.runChild(BlockJUnit4ClassRunner.java:63)
	at org.junit.runners.ParentRunner$4.run(ParentRunner.java:331)
	at org.junit.runners.ParentRunner$1.schedule(ParentRunner.java:79)
	at org.junit.runners.ParentRunner.runChildren(ParentRunner.java:329)
	at org.junit.runners.ParentRunner.access$100(ParentRunner.java:66)
	at org.junit.runners.ParentRunner$2.evaluate(ParentRunner.java:293)
	at org.junit.runners.ParentRunner$3.evaluate(ParentRunner.java:306)
	at org.junit.runners.ParentRunner.run(ParentRunner.java:413)
	at org.apache.maven.surefire.junit4.JUnit4Provider.execute(JUnit4Provider.java:316)
	at org.apache.maven.surefire.junit4.JUnit4Provider.executeWithRerun(JUnit4Provider.java:240)
	at org.apache.maven.surefire.junit4.JUnit4Provider.executeTestSet(JUnit4Provider.java:214)
	at org.apache.maven.surefire.junit4.JUnit4Provider.invoke(JUnit4Provider.java:155)
	at org.apache.maven.surefire.booter.ForkedBooter.runSuitesInProcess(ForkedBooter.java:385)
	at org.apache.maven.surefire.booter.ForkedBooter.execute(ForkedBooter.java:162)
	at org.apache.maven.surefire.booter.ForkedBooter.run(ForkedBooter.java:507)
	at org.apache.maven.surefire.booter.ForkedBooter.main(ForkedBooter.java:495)
Caused by: java.lang.OutOfMemoryError: Java heap space
javax.imageio.IIOException: Caught exception during read: 
	at java.desktop/com.sun.imageio.plugins.png.PNGImageReader.read(PNGImageReader.java:1851)
	at java.desktop/javax.imageio.ImageIO.read(ImageIO.java:1466)
	at java.desktop/javax.imageio.ImageIO.read(ImageIO.java:1363)
	at CMPT276.Group22.Board.loadImage(Board.java:403)
	at CMPT276.Group22.IceBoard.loadBoardSpecificImages(IceBoard.java:30)
	at CMPT276.Group22.Board.initializeBoard(Board.java:62)
	at CMPT276.Group22.Board.<init>(Board.java:53)
	at CMPT276.Group22.IceBoard.<init>(IceBoard.java:16)
	at CMPT276.Group22.BoardFactory.createBoard(BoardFactory.java:16)
	at CMPT276.Group22.GameBoard.<init>(GameBoard.java:49)
	at CMPT276.Group22.LevelSelectionMenu.lambda$2(LevelSelectionMenu.java:106)
	at java.desktop/java.awt.event.InvocationEvent.dispatch(InvocationEvent.java:318)
	at java.desktop/java.awt.EventQueue.dispatchEventImpl(EventQueue.java:773)
	at java.desktop/java.awt.EventQueue$4.run(EventQueue.java:720)
	at java.desktop/java.awt.EventQueue$4.run(EventQueue.java:714)
	at java.base/java.security.AccessController.doPrivileged(AccessController.java:400)
	at java.base/java.security.ProtectionDomain$JavaSecurityAccessImpl.doIntersectionPrivilege(ProtectionDomain.java:87)
	at java.desktop/java.awt.EventQueue.dispatchEvent(EventQueue.java:742)
	at java.desktop/java.awt.EventDispatchThread.pumpOneEventForFilters(EventDispatchThread.java:203)
	at java.desktop/java.awt.EventDispatchThread.pumpEventsForFilter(EventDispatchThread.java:124)
	at java.desktop/java.awt.EventDispatchThread.pumpEventsForHierarchy(EventDispatchThread.java:113)
	at java.desktop/java.awt.EventDispatchThread.pumpEvents(EventDispatchThread.java:109)
	at java.desktop/java.awt.EventDispatchThread.pumpEvents(EventDispatchThread.java:101)
	at java.desktop/java.awt.EventDispatchThread.run(EventDispatchThread.java:90)
Caused by: java.lang.OutOfMemoryError: Java heap space
Exception in thread "AWT-EventQueue-0" java.lang.OutOfMemoryError: Java heap space
IOException when loading image: /assets/earth/background.png
javax.imageio.IIOException: Caught exception during read: 
	at java.desktop/com.sun.imageio.plugins.png.PNGImageReader.read(PNGImageReader.java:1851)
	at java.desktop/javax.imageio.ImageIO.read(ImageIO.java:1466)
	at java.desktop/javax.imageio.ImageIO.read(ImageIO.java:1363)
	at CMPT276.Group22.Board.loadImage(Board.java:403)
	at CMPT276.Group22.EarthBoard.loadBoardSpecificImages(EarthBoard.java:32)
	at CMPT276.Group22.Board.initializeBoard(Board.java:62)
	at CMPT276.Group22.Board.<init>(Board.java:53)
	at CMPT276.Group22.EarthBoard.<init>(EarthBoard.java:18)
	at CMPT276.Group22.BoardFactory.createBoard(BoardFactory.java:18)
	at CMPT276.Group22.GameBoard.<init>(GameBoard.java:49)
	at CMPT276.Group22.LevelSelectionMenu.lambda$2(LevelSelectionMenu.java:106)
	at java.desktop/java.awt.event.InvocationEvent.dispatch(InvocationEvent.java:318)
	at java.desktop/java.awt.EventQueue.dispatchEventImpl(EventQueue.java:773)
	at java.desktop/java.awt.EventQueue$4.run(EventQueue.java:720)
	at java.desktop/java.awt.EventQueue$4.run(EventQueue.java:714)
	at java.base/java.security.AccessController.doPrivileged(AccessController.java:400)
	at java.base/java.security.ProtectionDomain$JavaSecurityAccessImpl.doIntersectionPrivilege(ProtectionDomain.java:87)
	at java.desktop/java.awt.EventQueue.dispatchEvent(EventQueue.java:742)
	at java.desktop/java.awt.EventDispatchThread.pumpOneEventForFilters(EventDispatchThread.java:203)
	at java.desktop/java.awt.EventDispatchThread.pumpEventsForFilter(EventDispatchThread.java:124)
	at java.desktop/java.awt.EventDispatchThread.pumpEventsForHierarchy(EventDispatchThread.java:113)
	at java.desktop/java.awt.EventDispatchThread.pumpEvents(EventDispatchThread.java:109)
	at java.desktop/java.awt.EventDispatchThread.pumpEvents(EventDispatchThread.java:101)
	at java.desktop/java.awt.EventDispatchThread.run(EventDispatchThread.java:90)
Caused by: java.lang.OutOfMemoryError: Java heap space
Exception in thread "AWT-EventQueue-0" java.lang.OutOfMemoryError: Java heap space
]]></system-err>
  </testcase>
  <testcase name="testIngredientEdgeCases" classname="CMPT276.Group22.GameBoardCoverageTest" time="0.503">
    <error message="Java heap space" type="java.lang.OutOfMemoryError"><![CDATA[java.lang.OutOfMemoryError: Java heap space
]]></error>
    <system-err><![CDATA[IOException when loading image: /assets/fire/background.png
javax.imageio.IIOException: Caught exception during read: 
	at java.desktop/com.sun.imageio.plugins.png.PNGImageReader.read(PNGImageReader.java:1851)
	at java.desktop/javax.imageio.ImageIO.read(ImageIO.java:1466)
	at java.desktop/javax.imageio.ImageIO.read(ImageIO.java:1363)
	at CMPT276.Group22.Board.loadImage(Board.java:403)
	at CMPT276.Group22.FireBoard.loadBoardSpecificImages(FireBoard.java:31)
	at CMPT276.Group22.Board.initializeBoard(Board.java:62)
	at CMPT276.Group22.Board.<init>(Board.java:53)
	at CMPT276.Group22.FireBoard.<init>(FireBoard.java:18)
	at CMPT276.Group22.GameBoardCoverageTest$TestGameBoard.initializeBoard(GameBoardCoverageTest.java:35)
	at CMPT276.Group22.GameBoardCoverageTest$TestGameBoard.<init>(GameBoardCoverageTest.java:29)
	at CMPT276.Group22.GameBoardCoverageTest.setUp(GameBoardCoverageTest.java:87)
	at java.base/jdk.internal.reflect.DirectMethodHandleAccessor.invoke(DirectMethodHandleAccessor.java:103)
	at java.base/java.lang.reflect.Method.invoke(Method.java:580)
	at org.junit.runners.model.FrameworkMethod$1.runReflectiveCall(FrameworkMethod.java:59)
	at org.junit.internal.runners.model.ReflectiveCallable.run(ReflectiveCallable.java:12)
	at org.junit.runners.model.FrameworkMethod.invokeExplosively(FrameworkMethod.java:56)
	at org.junit.internal.runners.statements.RunBefores.invokeMethod(RunBefores.java:33)
	at org.junit.internal.runners.statements.RunBefores.evaluate(RunBefores.java:24)
	at org.junit.runners.ParentRunner$3.evaluate(ParentRunner.java:306)
	at org.junit.runners.BlockJUnit4ClassRunner$1.evaluate(BlockJUnit4ClassRunner.java:100)
	at org.junit.runners.ParentRunner.runLeaf(ParentRunner.java:366)
	at org.junit.runners.BlockJUnit4ClassRunner.runChild(BlockJUnit4ClassRunner.java:103)
	at org.junit.runners.BlockJUnit4ClassRunner.runChild(BlockJUnit4ClassRunner.java:63)
	at org.junit.runners.ParentRunner$4.run(ParentRunner.java:331)
	at org.junit.runners.ParentRunner$1.schedule(ParentRunner.java:79)
	at org.junit.runners.ParentRunner.runChildren(ParentRunner.java:329)
	at org.junit.runners.ParentRunner.access$100(ParentRunner.java:66)
	at org.junit.runners.ParentRunner$2.evaluate(ParentRunner.java:293)
	at org.junit.runners.ParentRunner$3.evaluate(ParentRunner.java:306)
	at org.junit.runners.ParentRunner.run(ParentRunner.java:413)
	at org.apache.maven.surefire.junit4.JUnit4Provider.execute(JUnit4Provider.java:316)
	at org.apache.maven.surefire.junit4.JUnit4Provider.executeWithRerun(JUnit4Provider.java:240)
	at org.apache.maven.surefire.junit4.JUnit4Provider.executeTestSet(JUnit4Provider.java:214)
	at org.apache.maven.surefire.junit4.JUnit4Provider.invoke(JUnit4Provider.java:155)
	at org.apache.maven.surefire.booter.ForkedBooter.runSuitesInProcess(ForkedBooter.java:385)
	at org.apache.maven.surefire.booter.ForkedBooter.execute(ForkedBooter.java:162)
	at org.apache.maven.surefire.booter.ForkedBooter.run(ForkedBooter.java:507)
	at org.apache.maven.surefire.booter.ForkedBooter.main(ForkedBooter.java:495)
Caused by: java.lang.OutOfMemoryError: Java heap space
]]></system-err>
  </testcase>
  <testcase name="testTimerEdgeCases" classname="CMPT276.Group22.GameBoardCoverageTest" time="0.549">
    <error message="Java heap space" type="java.lang.OutOfMemoryError"><![CDATA[java.lang.OutOfMemoryError: Java heap space
]]></error>
    <system-err><![CDATA[IOException when loading image: /assets/fire/background.png
javax.imageio.IIOException: Caught exception during read: 
	at java.desktop/com.sun.imageio.plugins.png.PNGImageReader.read(PNGImageReader.java:1851)
	at java.desktop/javax.imageio.ImageIO.read(ImageIO.java:1466)
	at java.desktop/javax.imageio.ImageIO.read(ImageIO.java:1363)
	at CMPT276.Group22.Board.loadImage(Board.java:403)
	at CMPT276.Group22.FireBoard.loadBoardSpecificImages(FireBoard.java:31)
	at CMPT276.Group22.Board.initializeBoard(Board.java:62)
	at CMPT276.Group22.Board.<init>(Board.java:53)
	at CMPT276.Group22.FireBoard.<init>(FireBoard.java:18)
	at CMPT276.Group22.GameBoardCoverageTest$TestGameBoard.initializeBoard(GameBoardCoverageTest.java:35)
	at CMPT276.Group22.GameBoardCoverageTest$TestGameBoard.<init>(GameBoardCoverageTest.java:29)
	at CMPT276.Group22.GameBoardCoverageTest.setUp(GameBoardCoverageTest.java:87)
	at java.base/jdk.internal.reflect.DirectMethodHandleAccessor.invoke(DirectMethodHandleAccessor.java:103)
	at java.base/java.lang.reflect.Method.invoke(Method.java:580)
	at org.junit.runners.model.FrameworkMethod$1.runReflectiveCall(FrameworkMethod.java:59)
	at org.junit.internal.runners.model.ReflectiveCallable.run(ReflectiveCallable.java:12)
	at org.junit.runners.model.FrameworkMethod.invokeExplosively(FrameworkMethod.java:56)
	at org.junit.internal.runners.statements.RunBefores.invokeMethod(RunBefores.java:33)
	at org.junit.internal.runners.statements.RunBefores.evaluate(RunBefores.java:24)
	at org.junit.runners.ParentRunner$3.evaluate(ParentRunner.java:306)
	at org.junit.runners.BlockJUnit4ClassRunner$1.evaluate(BlockJUnit4ClassRunner.java:100)
	at org.junit.runners.ParentRunner.runLeaf(ParentRunner.java:366)
	at org.junit.runners.BlockJUnit4ClassRunner.runChild(BlockJUnit4ClassRunner.java:103)
	at org.junit.runners.BlockJUnit4ClassRunner.runChild(BlockJUnit4ClassRunner.java:63)
	at org.junit.runners.ParentRunner$4.run(ParentRunner.java:331)
	at org.junit.runners.ParentRunner$1.schedule(ParentRunner.java:79)
	at org.junit.runners.ParentRunner.runChildren(ParentRunner.java:329)
	at org.junit.runners.ParentRunner.access$100(ParentRunner.java:66)
	at org.junit.runners.ParentRunner$2.evaluate(ParentRunner.java:293)
	at org.junit.runners.ParentRunner$3.evaluate(ParentRunner.java:306)
	at org.junit.runners.ParentRunner.run(ParentRunner.java:413)
	at org.apache.maven.surefire.junit4.JUnit4Provider.execute(JUnit4Provider.java:316)
	at org.apache.maven.surefire.junit4.JUnit4Provider.executeWithRerun(JUnit4Provider.java:240)
	at org.apache.maven.surefire.junit4.JUnit4Provider.executeTestSet(JUnit4Provider.java:214)
	at org.apache.maven.surefire.junit4.JUnit4Provider.invoke(JUnit4Provider.java:155)
	at org.apache.maven.surefire.booter.ForkedBooter.runSuitesInProcess(ForkedBooter.java:385)
	at org.apache.maven.surefire.booter.ForkedBooter.execute(ForkedBooter.java:162)
	at org.apache.maven.surefire.booter.ForkedBooter.run(ForkedBooter.java:507)
	at org.apache.maven.surefire.booter.ForkedBooter.main(ForkedBooter.java:495)
Caused by: java.lang.OutOfMemoryError: Java heap space
]]></system-err>
  </testcase>
  <testcase name="testBoardTypes" classname="CMPT276.Group22.GameBoardCoverageTest" time="0.416">
    <error message="Java heap space" type="java.lang.OutOfMemoryError"><![CDATA[java.lang.OutOfMemoryError: Java heap space
]]></error>
    <system-err><![CDATA[IOException when loading image: /assets/fire/background.png
javax.imageio.IIOException: Caught exception during read: 
	at java.desktop/com.sun.imageio.plugins.png.PNGImageReader.read(PNGImageReader.java:1851)
	at java.desktop/javax.imageio.ImageIO.read(ImageIO.java:1466)
	at java.desktop/javax.imageio.ImageIO.read(ImageIO.java:1363)
	at CMPT276.Group22.Board.loadImage(Board.java:403)
	at CMPT276.Group22.FireBoard.loadBoardSpecificImages(FireBoard.java:31)
	at CMPT276.Group22.Board.initializeBoard(Board.java:62)
	at CMPT276.Group22.Board.<init>(Board.java:53)
	at CMPT276.Group22.FireBoard.<init>(FireBoard.java:18)
	at CMPT276.Group22.GameBoardCoverageTest$TestGameBoard.initializeBoard(GameBoardCoverageTest.java:35)
	at CMPT276.Group22.GameBoardCoverageTest$TestGameBoard.<init>(GameBoardCoverageTest.java:29)
	at CMPT276.Group22.GameBoardCoverageTest.setUp(GameBoardCoverageTest.java:87)
	at java.base/jdk.internal.reflect.DirectMethodHandleAccessor.invoke(DirectMethodHandleAccessor.java:103)
	at java.base/java.lang.reflect.Method.invoke(Method.java:580)
	at org.junit.runners.model.FrameworkMethod$1.runReflectiveCall(FrameworkMethod.java:59)
	at org.junit.internal.runners.model.ReflectiveCallable.run(ReflectiveCallable.java:12)
	at org.junit.runners.model.FrameworkMethod.invokeExplosively(FrameworkMethod.java:56)
	at org.junit.internal.runners.statements.RunBefores.invokeMethod(RunBefores.java:33)
	at org.junit.internal.runners.statements.RunBefores.evaluate(RunBefores.java:24)
	at org.junit.runners.ParentRunner$3.evaluate(ParentRunner.java:306)
	at org.junit.runners.BlockJUnit4ClassRunner$1.evaluate(BlockJUnit4ClassRunner.java:100)
	at org.junit.runners.ParentRunner.runLeaf(ParentRunner.java:366)
	at org.junit.runners.BlockJUnit4ClassRunner.runChild(BlockJUnit4ClassRunner.java:103)
	at org.junit.runners.BlockJUnit4ClassRunner.runChild(BlockJUnit4ClassRunner.java:63)
	at org.junit.runners.ParentRunner$4.run(ParentRunner.java:331)
	at org.junit.runners.ParentRunner$1.schedule(ParentRunner.java:79)
	at org.junit.runners.ParentRunner.runChildren(ParentRunner.java:329)
	at org.junit.runners.ParentRunner.access$100(ParentRunner.java:66)
	at org.junit.runners.ParentRunner$2.evaluate(ParentRunner.java:293)
	at org.junit.runners.ParentRunner$3.evaluate(ParentRunner.java:306)
	at org.junit.runners.ParentRunner.run(ParentRunner.java:413)
	at org.apache.maven.surefire.junit4.JUnit4Provider.execute(JUnit4Provider.java:316)
	at org.apache.maven.surefire.junit4.JUnit4Provider.executeWithRerun(JUnit4Provider.java:240)
	at org.apache.maven.surefire.junit4.JUnit4Provider.executeTestSet(JUnit4Provider.java:214)
	at org.apache.maven.surefire.junit4.JUnit4Provider.invoke(JUnit4Provider.java:155)
	at org.apache.maven.surefire.booter.ForkedBooter.runSuitesInProcess(ForkedBooter.java:385)
	at org.apache.maven.surefire.booter.ForkedBooter.execute(ForkedBooter.java:162)
	at org.apache.maven.surefire.booter.ForkedBooter.run(ForkedBooter.java:507)
	at org.apache.maven.surefire.booter.ForkedBooter.main(ForkedBooter.java:495)
Caused by: java.lang.OutOfMemoryError: Java heap space
]]></system-err>
  </testcase>
  <testcase name="testTimerManagement" classname="CMPT276.Group22.GameBoardCoverageTest" time="0.414">
    <error message="Java heap space" type="java.lang.OutOfMemoryError"><![CDATA[java.lang.OutOfMemoryError: Java heap space
]]></error>
    <system-err><![CDATA[IOException when loading image: /assets/fire/background.png
javax.imageio.IIOException: Caught exception during read: 
	at java.desktop/com.sun.imageio.plugins.png.PNGImageReader.read(PNGImageReader.java:1851)
	at java.desktop/javax.imageio.ImageIO.read(ImageIO.java:1466)
	at java.desktop/javax.imageio.ImageIO.read(ImageIO.java:1363)
	at CMPT276.Group22.Board.loadImage(Board.java:403)
	at CMPT276.Group22.FireBoard.loadBoardSpecificImages(FireBoard.java:31)
	at CMPT276.Group22.Board.initializeBoard(Board.java:62)
	at CMPT276.Group22.Board.<init>(Board.java:53)
	at CMPT276.Group22.FireBoard.<init>(FireBoard.java:18)
	at CMPT276.Group22.GameBoardCoverageTest$TestGameBoard.initializeBoard(GameBoardCoverageTest.java:35)
	at CMPT276.Group22.GameBoardCoverageTest$TestGameBoard.<init>(GameBoardCoverageTest.java:29)
	at CMPT276.Group22.GameBoardCoverageTest.setUp(GameBoardCoverageTest.java:87)
	at java.base/jdk.internal.reflect.DirectMethodHandleAccessor.invoke(DirectMethodHandleAccessor.java:103)
	at java.base/java.lang.reflect.Method.invoke(Method.java:580)
	at org.junit.runners.model.FrameworkMethod$1.runReflectiveCall(FrameworkMethod.java:59)
	at org.junit.internal.runners.model.ReflectiveCallable.run(ReflectiveCallable.java:12)
	at org.junit.runners.model.FrameworkMethod.invokeExplosively(FrameworkMethod.java:56)
	at org.junit.internal.runners.statements.RunBefores.invokeMethod(RunBefores.java:33)
	at org.junit.internal.runners.statements.RunBefores.evaluate(RunBefores.java:24)
	at org.junit.runners.ParentRunner$3.evaluate(ParentRunner.java:306)
	at org.junit.runners.BlockJUnit4ClassRunner$1.evaluate(BlockJUnit4ClassRunner.java:100)
	at org.junit.runners.ParentRunner.runLeaf(ParentRunner.java:366)
	at org.junit.runners.BlockJUnit4ClassRunner.runChild(BlockJUnit4ClassRunner.java:103)
	at org.junit.runners.BlockJUnit4ClassRunner.runChild(BlockJUnit4ClassRunner.java:63)
	at org.junit.runners.ParentRunner$4.run(ParentRunner.java:331)
	at org.junit.runners.ParentRunner$1.schedule(ParentRunner.java:79)
	at org.junit.runners.ParentRunner.runChildren(ParentRunner.java:329)
	at org.junit.runners.ParentRunner.access$100(ParentRunner.java:66)
	at org.junit.runners.ParentRunner$2.evaluate(ParentRunner.java:293)
	at org.junit.runners.ParentRunner$3.evaluate(ParentRunner.java:306)
	at org.junit.runners.ParentRunner.run(ParentRunner.java:413)
	at org.apache.maven.surefire.junit4.JUnit4Provider.execute(JUnit4Provider.java:316)
	at org.apache.maven.surefire.junit4.JUnit4Provider.executeWithRerun(JUnit4Provider.java:240)
	at org.apache.maven.surefire.junit4.JUnit4Provider.executeTestSet(JUnit4Provider.java:214)
	at org.apache.maven.surefire.junit4.JUnit4Provider.invoke(JUnit4Provider.java:155)
	at org.apache.maven.surefire.booter.ForkedBooter.runSuitesInProcess(ForkedBooter.java:385)
	at org.apache.maven.surefire.booter.ForkedBooter.execute(ForkedBooter.java:162)
	at org.apache.maven.surefire.booter.ForkedBooter.run(ForkedBooter.java:507)
	at org.apache.maven.surefire.booter.ForkedBooter.main(ForkedBooter.java:495)
Caused by: java.lang.OutOfMemoryError: Java heap space
]]></system-err>
  </testcase>
  <testcase name="testIngredientTracking" classname="CMPT276.Group22.GameBoardCoverageTest" time="0.435">
    <error message="Java heap space" type="java.lang.OutOfMemoryError"><![CDATA[java.lang.OutOfMemoryError: Java heap space
]]></error>
    <system-err><![CDATA[IOException when loading image: /assets/fire/background.png
javax.imageio.IIOException: Caught exception during read: 
	at java.desktop/com.sun.imageio.plugins.png.PNGImageReader.read(PNGImageReader.java:1851)
	at java.desktop/javax.imageio.ImageIO.read(ImageIO.java:1466)
	at java.desktop/javax.imageio.ImageIO.read(ImageIO.java:1363)
	at CMPT276.Group22.Board.loadImage(Board.java:403)
	at CMPT276.Group22.FireBoard.loadBoardSpecificImages(FireBoard.java:31)
	at CMPT276.Group22.Board.initializeBoard(Board.java:62)
	at CMPT276.Group22.Board.<init>(Board.java:53)
	at CMPT276.Group22.FireBoard.<init>(FireBoard.java:18)
	at CMPT276.Group22.GameBoardCoverageTest$TestGameBoard.initializeBoard(GameBoardCoverageTest.java:35)
	at CMPT276.Group22.GameBoardCoverageTest$TestGameBoard.<init>(GameBoardCoverageTest.java:29)
	at CMPT276.Group22.GameBoardCoverageTest.setUp(GameBoardCoverageTest.java:87)
	at java.base/jdk.internal.reflect.DirectMethodHandleAccessor.invoke(DirectMethodHandleAccessor.java:103)
	at java.base/java.lang.reflect.Method.invoke(Method.java:580)
	at org.junit.runners.model.FrameworkMethod$1.runReflectiveCall(FrameworkMethod.java:59)
	at org.junit.internal.runners.model.ReflectiveCallable.run(ReflectiveCallable.java:12)
	at org.junit.runners.model.FrameworkMethod.invokeExplosively(FrameworkMethod.java:56)
	at org.junit.internal.runners.statements.RunBefores.invokeMethod(RunBefores.java:33)
	at org.junit.internal.runners.statements.RunBefores.evaluate(RunBefores.java:24)
	at org.junit.runners.ParentRunner$3.evaluate(ParentRunner.java:306)
	at org.junit.runners.BlockJUnit4ClassRunner$1.evaluate(BlockJUnit4ClassRunner.java:100)
	at org.junit.runners.ParentRunner.runLeaf(ParentRunner.java:366)
	at org.junit.runners.BlockJUnit4ClassRunner.runChild(BlockJUnit4ClassRunner.java:103)
	at org.junit.runners.BlockJUnit4ClassRunner.runChild(BlockJUnit4ClassRunner.java:63)
	at org.junit.runners.ParentRunner$4.run(ParentRunner.java:331)
	at org.junit.runners.ParentRunner$1.schedule(ParentRunner.java:79)
	at org.junit.runners.ParentRunner.runChildren(ParentRunner.java:329)
	at org.junit.runners.ParentRunner.access$100(ParentRunner.java:66)
	at org.junit.runners.ParentRunner$2.evaluate(ParentRunner.java:293)
	at org.junit.runners.ParentRunner$3.evaluate(ParentRunner.java:306)
	at org.junit.runners.ParentRunner.run(ParentRunner.java:413)
	at org.apache.maven.surefire.junit4.JUnit4Provider.execute(JUnit4Provider.java:316)
	at org.apache.maven.surefire.junit4.JUnit4Provider.executeWithRerun(JUnit4Provider.java:240)
	at org.apache.maven.surefire.junit4.JUnit4Provider.executeTestSet(JUnit4Provider.java:214)
	at org.apache.maven.surefire.junit4.JUnit4Provider.invoke(JUnit4Provider.java:155)
	at org.apache.maven.surefire.booter.ForkedBooter.runSuitesInProcess(ForkedBooter.java:385)
	at org.apache.maven.surefire.booter.ForkedBooter.execute(ForkedBooter.java:162)
	at org.apache.maven.surefire.booter.ForkedBooter.run(ForkedBooter.java:507)
	at org.apache.maven.surefire.booter.ForkedBooter.main(ForkedBooter.java:495)
Caused by: java.lang.OutOfMemoryError: Java heap space
]]></system-err>
  </testcase>
  <testcase name="testScoreManagement" classname="CMPT276.Group22.GameBoardCoverageTest" time="0.571">
    <error message="Java heap space" type="java.lang.OutOfMemoryError"><![CDATA[java.lang.OutOfMemoryError: Java heap space
]]></error>
    <system-err><![CDATA[IOException when loading image: /assets/fire/background.png
javax.imageio.IIOException: Caught exception during read: 
	at java.desktop/com.sun.imageio.plugins.png.PNGImageReader.read(PNGImageReader.java:1851)
	at java.desktop/javax.imageio.ImageIO.read(ImageIO.java:1466)
	at java.desktop/javax.imageio.ImageIO.read(ImageIO.java:1363)
	at CMPT276.Group22.Board.loadImage(Board.java:403)
	at CMPT276.Group22.FireBoard.loadBoardSpecificImages(FireBoard.java:31)
	at CMPT276.Group22.Board.initializeBoard(Board.java:62)
	at CMPT276.Group22.Board.<init>(Board.java:53)
	at CMPT276.Group22.FireBoard.<init>(FireBoard.java:18)
	at CMPT276.Group22.GameBoardCoverageTest$TestGameBoard.initializeBoard(GameBoardCoverageTest.java:35)
	at CMPT276.Group22.GameBoardCoverageTest$TestGameBoard.<init>(GameBoardCoverageTest.java:29)
	at CMPT276.Group22.GameBoardCoverageTest.setUp(GameBoardCoverageTest.java:87)
	at java.base/jdk.internal.reflect.DirectMethodHandleAccessor.invoke(DirectMethodHandleAccessor.java:103)
	at java.base/java.lang.reflect.Method.invoke(Method.java:580)
	at org.junit.runners.model.FrameworkMethod$1.runReflectiveCall(FrameworkMethod.java:59)
	at org.junit.internal.runners.model.ReflectiveCallable.run(ReflectiveCallable.java:12)
	at org.junit.runners.model.FrameworkMethod.invokeExplosively(FrameworkMethod.java:56)
	at org.junit.internal.runners.statements.RunBefores.invokeMethod(RunBefores.java:33)
	at org.junit.internal.runners.statements.RunBefores.evaluate(RunBefores.java:24)
	at org.junit.runners.ParentRunner$3.evaluate(ParentRunner.java:306)
	at org.junit.runners.BlockJUnit4ClassRunner$1.evaluate(BlockJUnit4ClassRunner.java:100)
	at org.junit.runners.ParentRunner.runLeaf(ParentRunner.java:366)
	at org.junit.runners.BlockJUnit4ClassRunner.runChild(BlockJUnit4ClassRunner.java:103)
	at org.junit.runners.BlockJUnit4ClassRunner.runChild(BlockJUnit4ClassRunner.java:63)
	at org.junit.runners.ParentRunner$4.run(ParentRunner.java:331)
	at org.junit.runners.ParentRunner$1.schedule(ParentRunner.java:79)
	at org.junit.runners.ParentRunner.runChildren(ParentRunner.java:329)
	at org.junit.runners.ParentRunner.access$100(ParentRunner.java:66)
	at org.junit.runners.ParentRunner$2.evaluate(ParentRunner.java:293)
	at org.junit.runners.ParentRunner$3.evaluate(ParentRunner.java:306)
	at org.junit.runners.ParentRunner.run(ParentRunner.java:413)
	at org.apache.maven.surefire.junit4.JUnit4Provider.execute(JUnit4Provider.java:316)
	at org.apache.maven.surefire.junit4.JUnit4Provider.executeWithRerun(JUnit4Provider.java:240)
	at org.apache.maven.surefire.junit4.JUnit4Provider.executeTestSet(JUnit4Provider.java:214)
	at org.apache.maven.surefire.junit4.JUnit4Provider.invoke(JUnit4Provider.java:155)
	at org.apache.maven.surefire.booter.ForkedBooter.runSuitesInProcess(ForkedBooter.java:385)
	at org.apache.maven.surefire.booter.ForkedBooter.execute(ForkedBooter.java:162)
	at org.apache.maven.surefire.booter.ForkedBooter.run(ForkedBooter.java:507)
	at org.apache.maven.surefire.booter.ForkedBooter.main(ForkedBooter.java:495)
Caused by: java.lang.OutOfMemoryError: Java heap space
]]></system-err>
  </testcase>
</testsuite>