<?xml version="1.0" encoding="UTF-8"?>
<testsuite xmlns:xsi="http://www.w3.org/2001/XMLSchema-instance" xsi:noNamespaceSchemaLocation="https://maven.apache.org/surefire/maven-surefire-plugin/xsd/surefire-test-report-3.0.xsd" version="3.0" name="CMPT276.Group22.LevelSelectionMenuTest" time="1.399" tests="3" errors="0" skipped="0" failures="0">
  <properties>
[...]
</properties>
  <testcase name="testLevelSelectionMenuInitialization" classname="CMPT276.Group22.LevelSelectionMenuTest" time="0.327"/>
  <testcase name="testButtonCreation" classname="CMPT276.Group22.LevelSelectionMenuTest" time="0.384"/>
  <testcase name="testStartGameAction" classname="CMPT276.Group22.LevelSelectionMenuTest" time="0.687">
    <system-err><![CDATA[IOException when loading image: /assets/fire/background.png
javax.imageio.IIOException: Caught exception during read: 
	at java.desktop/com.sun.imageio.plugins.png.PNGImageReader.read(PNGImageReader.java:1851)
	at java.desktop/javax.imageio.ImageIO.read(ImageIO.java:1466)
	at java.desktop/javax.imageio.ImageIO.read(ImageIO.java:1363)
	at CMPT276.Group22.Board.loadImage(Board.java:403)
	at CMPT276.Group22.FireBoard.loadBoardSpecificImages(FireBoard.java:31)
	at CMPT276.Group22.Board.initializeBoard(Board.java:62)
	at CMPT276.Group22.Board.<init>(Board.java:53)
	at CMPT276.Group22.FireBoard.<init>(FireBoard.java:18)
	at CMPT276.Group22.BoardFactory.createBoard(BoardFactory.java:14)
	at CMPT276.Group22.GameBoard.<init>(GameBoard.java:49)
	at CMPT276.Group22.LevelSelectionMenu.lambda$2(LevelSelectionMenu.java:106)
	at java.desktop/java.awt.event.InvocationEvent.dispatch(InvocationEvent.java:318)
	at java.desktop/java.awt.EventQueue.dispatchEventImpl(EventQueue.java:773)
	at java.desktop/java.awt.EventQueue$4.run(EventQueue.java:720)
	at java.desktop/java.awt.EventQueue$4.run(EventQueue.java:714)
	at java.base/java.security.AccessController.doPrivileged(AccessController.java:400)
	at java.base/java.security.ProtectionDomain$JavaSecurityAccessImpl.doIntersectionPrivilege(ProtectionDomain.java:87)
	at java.desktop/java.awt.EventQueue.dispatchEvent(EventQueue.java:742)
	at java.desktop/java.awt.EventDispatchThread.pumpOneEventForFilters(EventDispatchThread.java:203)
	at java.desktop/java.awt.EventDispatchThread.pumpEventsForFilter(EventDispatchThread.java:124)
	at java.desktop/java.awt.EventDispatchThread.pumpEventsForHierarchy(EventDispatchThread.java:113)
	at java.desktop/java.awt.EventDispatchThread.pumpEvents(EventDispatchThread.java:109)
	at java.desktop/java.awt.EventDispatchThread.pumpEvents(EventDispatchThread.java:101)
	at java.desktop/java.awt.EventDispatchThread.run(EventDispatchThread.java:90)
Caused by: java.lang.OutOfMemoryError: Java heap space
]]></system-err>
  </testcase>
</testsuite>